The target system is: Generic -  - 
The host system is: Linux - 4.4.0-19041-Microsoft - x86_64
Compiling the C compiler identification source file "CMakeCCompilerId.c" succeeded.
Compiler: /home/isma505/.espressif/tools/xtensa-esp32-elf/esp-2021r1-8.4.0/xtensa-esp32-elf/bin/xtensa-esp32-elf-gcc 
Build flags: -mlongcalls;-Wno-frame-address
Id flags:  

The output was:
0


Compilation of the C compiler identification source "CMakeCCompilerId.c" produced "a.out"

The C compiler identification is GNU, found in "/home/isma505/esp/esp-idf/examples/Micro_2/Lab1b/build/bootloader/CMakeFiles/3.10.2/CompilerIdC/a.out"

Compiling the CXX compiler identification source file "CMakeCXXCompilerId.cpp" succeeded.
Compiler: /home/isma505/.espressif/tools/xtensa-esp32-elf/esp-2021r1-8.4.0/xtensa-esp32-elf/bin/xtensa-esp32-elf-g++ 
Build flags: -mlongcalls;-Wno-frame-address
Id flags:  

The output was:
0


Compilation of the CXX compiler identification source "CMakeCXXCompilerId.cpp" produced "a.out"

The CXX compiler identification is GNU, found in "/home/isma505/esp/esp-idf/examples/Micro_2/Lab1b/build/bootloader/CMakeFiles/3.10.2/CompilerIdCXX/a.out"

Checking whether the ASM compiler is GNU using "--version" matched "(GNU assembler)|(GCC)|(Free Software Foundation)":
xtensa-esp32-elf-gcc (crosstool-NG esp-2021r1) 8.4.0
Copyright (C) 2018 Free Software Foundation, Inc.
This is free software; see the source for copying conditions.  There is NO
warranty; not even for MERCHANTABILITY or FITNESS FOR A PARTICULAR PURPOSE.

Determining if the C compiler works passed with the following output:
Change Dir: /home/isma505/esp/esp-idf/examples/Micro_2/Lab1b/build/bootloader/CMakeFiles/CMakeTmp

Run Build Command:"/usr/bin/make" "cmTC_bacc6/fast"
make[4]: Entering directory '/home/isma505/esp/esp-idf/examples/Micro_2/Lab1b/build/bootloader/CMakeFiles/CMakeTmp'
/usr/bin/make -f CMakeFiles/cmTC_bacc6.dir/build.make CMakeFiles/cmTC_bacc6.dir/build
make[5]: Entering directory '/home/isma505/esp/esp-idf/examples/Micro_2/Lab1b/build/bootloader/CMakeFiles/CMakeTmp'
Building C object CMakeFiles/cmTC_bacc6.dir/testCCompiler.c.obj
/home/isma505/.espressif/tools/xtensa-esp32-elf/esp-2021r1-8.4.0/xtensa-esp32-elf/bin/xtensa-esp32-elf-gcc   -mlongcalls -Wno-frame-address    -o CMakeFiles/cmTC_bacc6.dir/testCCompiler.c.obj   -c /home/isma505/esp/esp-idf/examples/Micro_2/Lab1b/build/bootloader/CMakeFiles/CMakeTmp/testCCompiler.c
Linking C executable cmTC_bacc6
/usr/bin/cmake -E cmake_link_script CMakeFiles/cmTC_bacc6.dir/link.txt --verbose=1
/home/isma505/.espressif/tools/xtensa-esp32-elf/esp-2021r1-8.4.0/xtensa-esp32-elf/bin/xtensa-esp32-elf-gcc -mlongcalls -Wno-frame-address     CMakeFiles/cmTC_bacc6.dir/testCCompiler.c.obj  -o cmTC_bacc6 
make[5]: Leaving directory '/home/isma505/esp/esp-idf/examples/Micro_2/Lab1b/build/bootloader/CMakeFiles/CMakeTmp'
make[4]: Leaving directory '/home/isma505/esp/esp-idf/examples/Micro_2/Lab1b/build/bootloader/CMakeFiles/CMakeTmp'


Detecting C compiler ABI info compiled with the following output:
Change Dir: /home/isma505/esp/esp-idf/examples/Micro_2/Lab1b/build/bootloader/CMakeFiles/CMakeTmp

Run Build Command:"/usr/bin/make" "cmTC_74868/fast"
make[4]: Entering directory '/home/isma505/esp/esp-idf/examples/Micro_2/Lab1b/build/bootloader/CMakeFiles/CMakeTmp'
/usr/bin/make -f CMakeFiles/cmTC_74868.dir/build.make CMakeFiles/cmTC_74868.dir/build
make[5]: Entering directory '/home/isma505/esp/esp-idf/examples/Micro_2/Lab1b/build/bootloader/CMakeFiles/CMakeTmp'
Building C object CMakeFiles/cmTC_74868.dir/CMakeCCompilerABI.c.obj
/home/isma505/.espressif/tools/xtensa-esp32-elf/esp-2021r1-8.4.0/xtensa-esp32-elf/bin/xtensa-esp32-elf-gcc   -mlongcalls -Wno-frame-address    -o CMakeFiles/cmTC_74868.dir/CMakeCCompilerABI.c.obj   -c /usr/share/cmake-3.10/Modules/CMakeCCompilerABI.c
Linking C executable cmTC_74868
/usr/bin/cmake -E cmake_link_script CMakeFiles/cmTC_74868.dir/link.txt --verbose=1
/home/isma505/.espressif/tools/xtensa-esp32-elf/esp-2021r1-8.4.0/xtensa-esp32-elf/bin/xtensa-esp32-elf-gcc -mlongcalls -Wno-frame-address    -v CMakeFiles/cmTC_74868.dir/CMakeCCompilerABI.c.obj  -o cmTC_74868 
Using built-in specs.
COLLECT_GCC=/home/isma505/.espressif/tools/xtensa-esp32-elf/esp-2021r1-8.4.0/xtensa-esp32-elf/bin/xtensa-esp32-elf-gcc
COLLECT_LTO_WRAPPER=/home/isma505/.espressif/tools/xtensa-esp32-elf/esp-2021r1-8.4.0/xtensa-esp32-elf/bin/../libexec/gcc/xtensa-esp32-elf/8.4.0/lto-wrapper
Target: xtensa-esp32-elf
Configured with: /builds/idf/crosstool-NG/.build/xtensa-esp32-elf/src/gcc/configure --build=x86_64-build_pc-linux-gnu --host=x86_64-build_pc-linux-gnu --target=xtensa-esp32-elf --prefix=/builds/idf/crosstool-NG/builds/xtensa-esp32-elf --with-local-prefix=/builds/idf/crosstool-NG/builds/xtensa-esp32-elf/xtensa-esp32-elf --with-headers=/builds/idf/crosstool-NG/builds/xtensa-esp32-elf/xtensa-esp32-elf/include --with-newlib --enable-threads=no --disable-shared --with-pkgversion='crosstool-NG esp-2021r1' --disable-__cxa_atexit --enable-cxx-flags=-ffunction-sections --disable-libgomp --disable-libmudflap --disable-libmpx --disable-libssp --disable-libquadmath --disable-libquadmath-support --with-gmp=/builds/idf/crosstool-NG/.build/xtensa-esp32-elf/buildtools --with-mpfr=/builds/idf/crosstool-NG/.build/xtensa-esp32-elf/buildtools --with-mpc=/builds/idf/crosstool-NG/.build/xtensa-esp32-elf/buildtools --with-isl=/builds/idf/crosstool-NG/.build/xtensa-esp32-elf/buildtools --enable-lto --enable-target-optspace --without-long-double-128 --disable-nls --enable-multiarch --enable-languages=c,c++ --disable-libstdcxx-verbose --enable-threads=posix --enable-gcov-custom-rtio --enable-libstdcxx-time=yes
Thread model: posix
gcc version 8.4.0 (crosstool-NG esp-2021r1) 
COMPILER_PATH=/home/isma505/.espressif/tools/xtensa-esp32-elf/esp-2021r1-8.4.0/xtensa-esp32-elf/bin/../libexec/gcc/xtensa-esp32-elf/8.4.0/:/home/isma505/.espressif/tools/xtensa-esp32-elf/esp-2021r1-8.4.0/xtensa-esp32-elf/bin/../libexec/gcc/:/home/isma505/.espressif/tools/xtensa-esp32-elf/esp-2021r1-8.4.0/xtensa-esp32-elf/bin/../lib/gcc/xtensa-esp32-elf/8.4.0/../../../../xtensa-esp32-elf/bin/
LIBRARY_PATH=/home/isma505/.espressif/tools/xtensa-esp32-elf/esp-2021r1-8.4.0/xtensa-esp32-elf/bin/../lib/gcc/xtensa-esp32-elf/8.4.0/:/home/isma505/.espressif/tools/xtensa-esp32-elf/esp-2021r1-8.4.0/xtensa-esp32-elf/bin/../lib/gcc/:/home/isma505/.espressif/tools/xtensa-esp32-elf/esp-2021r1-8.4.0/xtensa-esp32-elf/bin/../lib/gcc/xtensa-esp32-elf/8.4.0/../../../../xtensa-esp32-elf/lib/
COLLECT_GCC_OPTIONS='-mlongcalls' '-Wno-frame-address' '-v' '-o' 'cmTC_74868'
 /home/isma505/.espressif/tools/xtensa-esp32-elf/esp-2021r1-8.4.0/xtensa-esp32-elf/bin/../libexec/gcc/xtensa-esp32-elf/8.4.0/collect2 -plugin /home/isma505/.espressif/tools/xtensa-esp32-elf/esp-2021r1-8.4.0/xtensa-esp32-elf/bin/../libexec/gcc/xtensa-esp32-elf/8.4.0/liblto_plugin.so -plugin-opt=/home/isma505/.espressif/tools/xtensa-esp32-elf/esp-2021r1-8.4.0/xtensa-esp32-elf/bin/../libexec/gcc/xtensa-esp32-elf/8.4.0/lto-wrapper -plugin-opt=-fresolution=/tmp/ccfTK0zM.res -plugin-opt=-pass-through=-lgcc -plugin-opt=-pass-through=-lc -plugin-opt=-pass-through=-lnosys -plugin-opt=-pass-through=-lc -plugin-opt=-pass-through=-lgcc -o cmTC_74868 /home/isma505/.espressif/tools/xtensa-esp32-elf/esp-2021r1-8.4.0/xtensa-esp32-elf/bin/../lib/gcc/xtensa-esp32-elf/8.4.0/../../../../xtensa-esp32-elf/lib/crt0.o /home/isma505/.espressif/tools/xtensa-esp32-elf/esp-2021r1-8.4.0/xtensa-esp32-elf/bin/../lib/gcc/xtensa-esp32-elf/8.4.0/crti.o /home/isma505/.espressif/tools/xtensa-esp32-elf/esp-2021r1-8.4.0/xtensa-esp32-elf/bin/../lib/gcc/xtensa-esp32-elf/8.4.0/crtbegin.o -L/home/isma505/.espressif/tools/xtensa-esp32-elf/esp-2021r1-8.4.0/xtensa-esp32-elf/bin/../lib/gcc/xtensa-esp32-elf/8.4.0 -L/home/isma505/.espressif/tools/xtensa-esp32-elf/esp-2021r1-8.4.0/xtensa-esp32-elf/bin/../lib/gcc -L/home/isma505/.espressif/tools/xtensa-esp32-elf/esp-2021r1-8.4.0/xtensa-esp32-elf/bin/../lib/gcc/xtensa-esp32-elf/8.4.0/../../../../xtensa-esp32-elf/lib CMakeFiles/cmTC_74868.dir/CMakeCCompilerABI.c.obj -lgcc -lc -lnosys -lc -lgcc /home/isma505/.espressif/tools/xtensa-esp32-elf/esp-2021r1-8.4.0/xtensa-esp32-elf/bin/../lib/gcc/xtensa-esp32-elf/8.4.0/crtend.o /home/isma505/.espressif/tools/xtensa-esp32-elf/esp-2021r1-8.4.0/xtensa-esp32-elf/bin/../lib/gcc/xtensa-esp32-elf/8.4.0/crtn.o
COLLECT_GCC_OPTIONS='-mlongcalls' '-Wno-frame-address' '-v' '-o' 'cmTC_74868'
make[5]: Leaving directory '/home/isma505/esp/esp-idf/examples/Micro_2/Lab1b/build/bootloader/CMakeFiles/CMakeTmp'
make[4]: Leaving directory '/home/isma505/esp/esp-idf/examples/Micro_2/Lab1b/build/bootloader/CMakeFiles/CMakeTmp'


Parsed C implicit link information from above output:
  link line regex: [^( *|.*[/\])(xtensa-esp32-elf-ld|CMAKE_LINK_STARTFILE-NOTFOUND|([^/\]+-)?ld|collect2)[^/\]*( |$)]
  ignore line: [Change Dir: /home/isma505/esp/esp-idf/examples/Micro_2/Lab1b/build/bootloader/CMakeFiles/CMakeTmp]
  ignore line: []
  ignore line: [Run Build Command:"/usr/bin/make" "cmTC_74868/fast"]
  ignore line: [make[4]: Entering directory '/home/isma505/esp/esp-idf/examples/Micro_2/Lab1b/build/bootloader/CMakeFiles/CMakeTmp']
  ignore line: [/usr/bin/make -f CMakeFiles/cmTC_74868.dir/build.make CMakeFiles/cmTC_74868.dir/build]
  ignore line: [make[5]: Entering directory '/home/isma505/esp/esp-idf/examples/Micro_2/Lab1b/build/bootloader/CMakeFiles/CMakeTmp']
  ignore line: [Building C object CMakeFiles/cmTC_74868.dir/CMakeCCompilerABI.c.obj]
  ignore line: [/home/isma505/.espressif/tools/xtensa-esp32-elf/esp-2021r1-8.4.0/xtensa-esp32-elf/bin/xtensa-esp32-elf-gcc   -mlongcalls -Wno-frame-address    -o CMakeFiles/cmTC_74868.dir/CMakeCCompilerABI.c.obj   -c /usr/share/cmake-3.10/Modules/CMakeCCompilerABI.c]
  ignore line: [Linking C executable cmTC_74868]
  ignore line: [/usr/bin/cmake -E cmake_link_script CMakeFiles/cmTC_74868.dir/link.txt --verbose=1]
  ignore line: [/home/isma505/.espressif/tools/xtensa-esp32-elf/esp-2021r1-8.4.0/xtensa-esp32-elf/bin/xtensa-esp32-elf-gcc -mlongcalls -Wno-frame-address    -v CMakeFiles/cmTC_74868.dir/CMakeCCompilerABI.c.obj  -o cmTC_74868 ]
  ignore line: [Using built-in specs.]
  ignore line: [COLLECT_GCC=/home/isma505/.espressif/tools/xtensa-esp32-elf/esp-2021r1-8.4.0/xtensa-esp32-elf/bin/xtensa-esp32-elf-gcc]
  ignore line: [COLLECT_LTO_WRAPPER=/home/isma505/.espressif/tools/xtensa-esp32-elf/esp-2021r1-8.4.0/xtensa-esp32-elf/bin/../libexec/gcc/xtensa-esp32-elf/8.4.0/lto-wrapper]
  ignore line: [Target: xtensa-esp32-elf]
  ignore line: [Configured with: /builds/idf/crosstool-NG/.build/xtensa-esp32-elf/src/gcc/configure --build=x86_64-build_pc-linux-gnu --host=x86_64-build_pc-linux-gnu --target=xtensa-esp32-elf --prefix=/builds/idf/crosstool-NG/builds/xtensa-esp32-elf --with-local-prefix=/builds/idf/crosstool-NG/builds/xtensa-esp32-elf/xtensa-esp32-elf --with-headers=/builds/idf/crosstool-NG/builds/xtensa-esp32-elf/xtensa-esp32-elf/include --with-newlib --enable-threads=no --disable-shared --with-pkgversion='crosstool-NG esp-2021r1' --disable-__cxa_atexit --enable-cxx-flags=-ffunction-sections --disable-libgomp --disable-libmudflap --disable-libmpx --disable-libssp --disable-libquadmath --disable-libquadmath-support --with-gmp=/builds/idf/crosstool-NG/.build/xtensa-esp32-elf/buildtools --with-mpfr=/builds/idf/crosstool-NG/.build/xtensa-esp32-elf/buildtools --with-mpc=/builds/idf/crosstool-NG/.build/xtensa-esp32-elf/buildtools --with-isl=/builds/idf/crosstool-NG/.build/xtensa-esp32-elf/buildtools --enable-lto --enable-target-optspace --without-long-double-128 --disable-nls --enable-multiarch --enable-languages=c,c++ --disable-libstdcxx-verbose --enable-threads=posix --enable-gcov-custom-rtio --enable-libstdcxx-time=yes]
  ignore line: [Thread model: posix]
  ignore line: [gcc version 8.4.0 (crosstool-NG esp-2021r1) ]
  ignore line: [COMPILER_PATH=/home/isma505/.espressif/tools/xtensa-esp32-elf/esp-2021r1-8.4.0/xtensa-esp32-elf/bin/../libexec/gcc/xtensa-esp32-elf/8.4.0/:/home/isma505/.espressif/tools/xtensa-esp32-elf/esp-2021r1-8.4.0/xtensa-esp32-elf/bin/../libexec/gcc/:/home/isma505/.espressif/tools/xtensa-esp32-elf/esp-2021r1-8.4.0/xtensa-esp32-elf/bin/../lib/gcc/xtensa-esp32-elf/8.4.0/../../../../xtensa-esp32-elf/bin/]
  ignore line: [LIBRARY_PATH=/home/isma505/.espressif/tools/xtensa-esp32-elf/esp-2021r1-8.4.0/xtensa-esp32-elf/bin/../lib/gcc/xtensa-esp32-elf/8.4.0/:/home/isma505/.espressif/tools/xtensa-esp32-elf/esp-2021r1-8.4.0/xtensa-esp32-elf/bin/../lib/gcc/:/home/isma505/.espressif/tools/xtensa-esp32-elf/esp-2021r1-8.4.0/xtensa-esp32-elf/bin/../lib/gcc/xtensa-esp32-elf/8.4.0/../../../../xtensa-esp32-elf/lib/]
  ignore line: [COLLECT_GCC_OPTIONS='-mlongcalls' '-Wno-frame-address' '-v' '-o' 'cmTC_74868']
  link line: [ /home/isma505/.espressif/tools/xtensa-esp32-elf/esp-2021r1-8.4.0/xtensa-esp32-elf/bin/../libexec/gcc/xtensa-esp32-elf/8.4.0/collect2 -plugin /home/isma505/.espressif/tools/xtensa-esp32-elf/esp-2021r1-8.4.0/xtensa-esp32-elf/bin/../libexec/gcc/xtensa-esp32-elf/8.4.0/liblto_plugin.so -plugin-opt=/home/isma505/.espressif/tools/xtensa-esp32-elf/esp-2021r1-8.4.0/xtensa-esp32-elf/bin/../libexec/gcc/xtensa-esp32-elf/8.4.0/lto-wrapper -plugin-opt=-fresolution=/tmp/ccfTK0zM.res -plugin-opt=-pass-through=-lgcc -plugin-opt=-pass-through=-lc -plugin-opt=-pass-through=-lnosys -plugin-opt=-pass-through=-lc -plugin-opt=-pass-through=-lgcc -o cmTC_74868 /home/isma505/.espressif/tools/xtensa-esp32-elf/esp-2021r1-8.4.0/xtensa-esp32-elf/bin/../lib/gcc/xtensa-esp32-elf/8.4.0/../../../../xtensa-esp32-elf/lib/crt0.o /home/isma505/.espressif/tools/xtensa-esp32-elf/esp-2021r1-8.4.0/xtensa-esp32-elf/bin/../lib/gcc/xtensa-esp32-elf/8.4.0/crti.o /home/isma505/.espressif/tools/xtensa-esp32-elf/esp-2021r1-8.4.0/xtensa-esp32-elf/bin/../lib/gcc/xtensa-esp32-elf/8.4.0/crtbegin.o -L/home/isma505/.espressif/tools/xtensa-esp32-elf/esp-2021r1-8.4.0/xtensa-esp32-elf/bin/../lib/gcc/xtensa-esp32-elf/8.4.0 -L/home/isma505/.espressif/tools/xtensa-esp32-elf/esp-2021r1-8.4.0/xtensa-esp32-elf/bin/../lib/gcc -L/home/isma505/.espressif/tools/xtensa-esp32-elf/esp-2021r1-8.4.0/xtensa-esp32-elf/bin/../lib/gcc/xtensa-esp32-elf/8.4.0/../../../../xtensa-esp32-elf/lib CMakeFiles/cmTC_74868.dir/CMakeCCompilerABI.c.obj -lgcc -lc -lnosys -lc -lgcc /home/isma505/.espressif/tools/xtensa-esp32-elf/esp-2021r1-8.4.0/xtensa-esp32-elf/bin/../lib/gcc/xtensa-esp32-elf/8.4.0/crtend.o /home/isma505/.espressif/tools/xtensa-esp32-elf/esp-2021r1-8.4.0/xtensa-esp32-elf/bin/../lib/gcc/xtensa-esp32-elf/8.4.0/crtn.o]
    arg [/home/isma505/.espressif/tools/xtensa-esp32-elf/esp-2021r1-8.4.0/xtensa-esp32-elf/bin/../libexec/gcc/xtensa-esp32-elf/8.4.0/collect2] ==> ignore
    arg [-plugin] ==> ignore
    arg [/home/isma505/.espressif/tools/xtensa-esp32-elf/esp-2021r1-8.4.0/xtensa-esp32-elf/bin/../libexec/gcc/xtensa-esp32-elf/8.4.0/liblto_plugin.so] ==> ignore
    arg [-plugin-opt=/home/isma505/.espressif/tools/xtensa-esp32-elf/esp-2021r1-8.4.0/xtensa-esp32-elf/bin/../libexec/gcc/xtensa-esp32-elf/8.4.0/lto-wrapper] ==> ignore
    arg [-plugin-opt=-fresolution=/tmp/ccfTK0zM.res] ==> ignore
    arg [-plugin-opt=-pass-through=-lgcc] ==> ignore
    arg [-plugin-opt=-pass-through=-lc] ==> ignore
    arg [-plugin-opt=-pass-through=-lnosys] ==> ignore
    arg [-plugin-opt=-pass-through=-lc] ==> ignore
    arg [-plugin-opt=-pass-through=-lgcc] ==> ignore
    arg [-o] ==> ignore
    arg [cmTC_74868] ==> ignore
    arg [/home/isma505/.espressif/tools/xtensa-esp32-elf/esp-2021r1-8.4.0/xtensa-esp32-elf/bin/../lib/gcc/xtensa-esp32-elf/8.4.0/../../../../xtensa-esp32-elf/lib/crt0.o] ==> ignore
    arg [/home/isma505/.espressif/tools/xtensa-esp32-elf/esp-2021r1-8.4.0/xtensa-esp32-elf/bin/../lib/gcc/xtensa-esp32-elf/8.4.0/crti.o] ==> ignore
    arg [/home/isma505/.espressif/tools/xtensa-esp32-elf/esp-2021r1-8.4.0/xtensa-esp32-elf/bin/../lib/gcc/xtensa-esp32-elf/8.4.0/crtbegin.o] ==> ignore
    arg [-L/home/isma505/.espressif/tools/xtensa-esp32-elf/esp-2021r1-8.4.0/xtensa-esp32-elf/bin/../lib/gcc/xtensa-esp32-elf/8.4.0] ==> dir [/home/isma505/.espressif/tools/xtensa-esp32-elf/esp-2021r1-8.4.0/xtensa-esp32-elf/bin/../lib/gcc/xtensa-esp32-elf/8.4.0]
    arg [-L/home/isma505/.espressif/tools/xtensa-esp32-elf/esp-2021r1-8.4.0/xtensa-esp32-elf/bin/../lib/gcc] ==> dir [/home/isma505/.espressif/tools/xtensa-esp32-elf/esp-2021r1-8.4.0/xtensa-esp32-elf/bin/../lib/gcc]
    arg [-L/home/isma505/.espressif/tools/xtensa-esp32-elf/esp-2021r1-8.4.0/xtensa-esp32-elf/bin/../lib/gcc/xtensa-esp32-elf/8.4.0/../../../../xtensa-esp32-elf/lib] ==> dir [/home/isma505/.espressif/tools/xtensa-esp32-elf/esp-2021r1-8.4.0/xtensa-esp32-elf/bin/../lib/gcc/xtensa-esp32-elf/8.4.0/../../../../xtensa-esp32-elf/lib]
    arg [CMakeFiles/cmTC_74868.dir/CMakeCCompilerABI.c.obj] ==> ignore
    arg [-lgcc] ==> lib [gcc]
    arg [-lc] ==> lib [c]
    arg [-lnosys] ==> lib [nosys]
    arg [-lc] ==> lib [c]
    arg [-lgcc] ==> lib [gcc]
    arg [/home/isma505/.espressif/tools/xtensa-esp32-elf/esp-2021r1-8.4.0/xtensa-esp32-elf/bin/../lib/gcc/xtensa-esp32-elf/8.4.0/crtend.o] ==> ignore
    arg [/home/isma505/.espressif/tools/xtensa-esp32-elf/esp-2021r1-8.4.0/xtensa-esp32-elf/bin/../lib/gcc/xtensa-esp32-elf/8.4.0/crtn.o] ==> ignore
  collapse library dir [/home/isma505/.espressif/tools/xtensa-esp32-elf/esp-2021r1-8.4.0/xtensa-esp32-elf/bin/../lib/gcc/xtensa-esp32-elf/8.4.0] ==> [/home/isma505/.espressif/tools/xtensa-esp32-elf/esp-2021r1-8.4.0/xtensa-esp32-elf/lib/gcc/xtensa-esp32-elf/8.4.0]
  collapse library dir [/home/isma505/.espressif/tools/xtensa-esp32-elf/esp-2021r1-8.4.0/xtensa-esp32-elf/bin/../lib/gcc] ==> [/home/isma505/.espressif/tools/xtensa-esp32-elf/esp-2021r1-8.4.0/xtensa-esp32-elf/lib/gcc]
  collapse library dir [/home/isma505/.espressif/tools/xtensa-esp32-elf/esp-2021r1-8.4.0/xtensa-esp32-elf/bin/../lib/gcc/xtensa-esp32-elf/8.4.0/../../../../xtensa-esp32-elf/lib] ==> [/home/isma505/.espressif/tools/xtensa-esp32-elf/esp-2021r1-8.4.0/xtensa-esp32-elf/xtensa-esp32-elf/lib]
  implicit libs: [gcc;c;nosys;c;gcc]
  implicit dirs: [/home/isma505/.espressif/tools/xtensa-esp32-elf/esp-2021r1-8.4.0/xtensa-esp32-elf/lib/gcc/xtensa-esp32-elf/8.4.0;/home/isma505/.espressif/tools/xtensa-esp32-elf/esp-2021r1-8.4.0/xtensa-esp32-elf/lib/gcc;/home/isma505/.espressif/tools/xtensa-esp32-elf/esp-2021r1-8.4.0/xtensa-esp32-elf/xtensa-esp32-elf/lib]
  implicit fwks: []




Detecting C [-std=c11] compiler features compiled with the following output:
Change Dir: /home/isma505/esp/esp-idf/examples/Micro_2/Lab1b/build/bootloader/CMakeFiles/CMakeTmp

Run Build Command:"/usr/bin/make" "cmTC_846ab/fast"
make[4]: Entering directory '/home/isma505/esp/esp-idf/examples/Micro_2/Lab1b/build/bootloader/CMakeFiles/CMakeTmp'
/usr/bin/make -f CMakeFiles/cmTC_846ab.dir/build.make CMakeFiles/cmTC_846ab.dir/build
make[5]: Entering directory '/home/isma505/esp/esp-idf/examples/Micro_2/Lab1b/build/bootloader/CMakeFiles/CMakeTmp'
Building C object CMakeFiles/cmTC_846ab.dir/feature_tests.c.obj
/home/isma505/.espressif/tools/xtensa-esp32-elf/esp-2021r1-8.4.0/xtensa-esp32-elf/bin/xtensa-esp32-elf-gcc   -mlongcalls -Wno-frame-address    -std=c11 -o CMakeFiles/cmTC_846ab.dir/feature_tests.c.obj   -c /home/isma505/esp/esp-idf/examples/Micro_2/Lab1b/build/bootloader/CMakeFiles/feature_tests.c
Linking C executable cmTC_846ab
/usr/bin/cmake -E cmake_link_script CMakeFiles/cmTC_846ab.dir/link.txt --verbose=1
/home/isma505/.espressif/tools/xtensa-esp32-elf/esp-2021r1-8.4.0/xtensa-esp32-elf/bin/xtensa-esp32-elf-gcc -mlongcalls -Wno-frame-address     CMakeFiles/cmTC_846ab.dir/feature_tests.c.obj  -o cmTC_846ab 
make[5]: Leaving directory '/home/isma505/esp/esp-idf/examples/Micro_2/Lab1b/build/bootloader/CMakeFiles/CMakeTmp'
make[4]: Leaving directory '/home/isma505/esp/esp-idf/examples/Micro_2/Lab1b/build/bootloader/CMakeFiles/CMakeTmp'


    Feature record: C_FEATURE:1c_function_prototypes
    Feature record: C_FEATURE:1c_restrict
    Feature record: C_FEATURE:1c_static_assert
    Feature record: C_FEATURE:1c_variadic_macros


Detecting C [-std=c99] compiler features compiled with the following output:
Change Dir: /home/isma505/esp/esp-idf/examples/Micro_2/Lab1b/build/bootloader/CMakeFiles/CMakeTmp

Run Build Command:"/usr/bin/make" "cmTC_431d5/fast"
make[4]: Entering directory '/home/isma505/esp/esp-idf/examples/Micro_2/Lab1b/build/bootloader/CMakeFiles/CMakeTmp'
/usr/bin/make -f CMakeFiles/cmTC_431d5.dir/build.make CMakeFiles/cmTC_431d5.dir/build
make[5]: Entering directory '/home/isma505/esp/esp-idf/examples/Micro_2/Lab1b/build/bootloader/CMakeFiles/CMakeTmp'
Building C object CMakeFiles/cmTC_431d5.dir/feature_tests.c.obj
/home/isma505/.espressif/tools/xtensa-esp32-elf/esp-2021r1-8.4.0/xtensa-esp32-elf/bin/xtensa-esp32-elf-gcc   -mlongcalls -Wno-frame-address    -std=c99 -o CMakeFiles/cmTC_431d5.dir/feature_tests.c.obj   -c /home/isma505/esp/esp-idf/examples/Micro_2/Lab1b/build/bootloader/CMakeFiles/feature_tests.c
Linking C executable cmTC_431d5
/usr/bin/cmake -E cmake_link_script CMakeFiles/cmTC_431d5.dir/link.txt --verbose=1
/home/isma505/.espressif/tools/xtensa-esp32-elf/esp-2021r1-8.4.0/xtensa-esp32-elf/bin/xtensa-esp32-elf-gcc -mlongcalls -Wno-frame-address     CMakeFiles/cmTC_431d5.dir/feature_tests.c.obj  -o cmTC_431d5 
make[5]: Leaving directory '/home/isma505/esp/esp-idf/examples/Micro_2/Lab1b/build/bootloader/CMakeFiles/CMakeTmp'
make[4]: Leaving directory '/home/isma505/esp/esp-idf/examples/Micro_2/Lab1b/build/bootloader/CMakeFiles/CMakeTmp'


    Feature record: C_FEATURE:1c_function_prototypes
    Feature record: C_FEATURE:1c_restrict
    Feature record: C_FEATURE:0c_static_assert
    Feature record: C_FEATURE:1c_variadic_macros


Detecting C [-std=c90] compiler features compiled with the following output:
Change Dir: /home/isma505/esp/esp-idf/examples/Micro_2/Lab1b/build/bootloader/CMakeFiles/CMakeTmp

Run Build Command:"/usr/bin/make" "cmTC_6169e/fast"
make[4]: Entering directory '/home/isma505/esp/esp-idf/examples/Micro_2/Lab1b/build/bootloader/CMakeFiles/CMakeTmp'
/usr/bin/make -f CMakeFiles/cmTC_6169e.dir/build.make CMakeFiles/cmTC_6169e.dir/build
make[5]: Entering directory '/home/isma505/esp/esp-idf/examples/Micro_2/Lab1b/build/bootloader/CMakeFiles/CMakeTmp'
Building C object CMakeFiles/cmTC_6169e.dir/feature_tests.c.obj
/home/isma505/.espressif/tools/xtensa-esp32-elf/esp-2021r1-8.4.0/xtensa-esp32-elf/bin/xtensa-esp32-elf-gcc   -mlongcalls -Wno-frame-address    -std=c90 -o CMakeFiles/cmTC_6169e.dir/feature_tests.c.obj   -c /home/isma505/esp/esp-idf/examples/Micro_2/Lab1b/build/bootloader/CMakeFiles/feature_tests.c
Linking C executable cmTC_6169e
/usr/bin/cmake -E cmake_link_script CMakeFiles/cmTC_6169e.dir/link.txt --verbose=1
/home/isma505/.espressif/tools/xtensa-esp32-elf/esp-2021r1-8.4.0/xtensa-esp32-elf/bin/xtensa-esp32-elf-gcc -mlongcalls -Wno-frame-address     CMakeFiles/cmTC_6169e.dir/feature_tests.c.obj  -o cmTC_6169e 
make[5]: Leaving directory '/home/isma505/esp/esp-idf/examples/Micro_2/Lab1b/build/bootloader/CMakeFiles/CMakeTmp'
make[4]: Leaving directory '/home/isma505/esp/esp-idf/examples/Micro_2/Lab1b/build/bootloader/CMakeFiles/CMakeTmp'


    Feature record: C_FEATURE:1c_function_prototypes
    Feature record: C_FEATURE:0c_restrict
    Feature record: C_FEATURE:0c_static_assert
    Feature record: C_FEATURE:0c_variadic_macros
Determining if the CXX compiler works passed with the following output:
Change Dir: /home/isma505/esp/esp-idf/examples/Micro_2/Lab1b/build/bootloader/CMakeFiles/CMakeTmp

Run Build Command:"/usr/bin/make" "cmTC_00727/fast"
make[4]: Entering directory '/home/isma505/esp/esp-idf/examples/Micro_2/Lab1b/build/bootloader/CMakeFiles/CMakeTmp'
/usr/bin/make -f CMakeFiles/cmTC_00727.dir/build.make CMakeFiles/cmTC_00727.dir/build
make[5]: Entering directory '/home/isma505/esp/esp-idf/examples/Micro_2/Lab1b/build/bootloader/CMakeFiles/CMakeTmp'
Building CXX object CMakeFiles/cmTC_00727.dir/testCXXCompiler.cxx.obj
/home/isma505/.espressif/tools/xtensa-esp32-elf/esp-2021r1-8.4.0/xtensa-esp32-elf/bin/xtensa-esp32-elf-g++    -mlongcalls -Wno-frame-address    -o CMakeFiles/cmTC_00727.dir/testCXXCompiler.cxx.obj -c /home/isma505/esp/esp-idf/examples/Micro_2/Lab1b/build/bootloader/CMakeFiles/CMakeTmp/testCXXCompiler.cxx
Linking CXX executable cmTC_00727
/usr/bin/cmake -E cmake_link_script CMakeFiles/cmTC_00727.dir/link.txt --verbose=1
/home/isma505/.espressif/tools/xtensa-esp32-elf/esp-2021r1-8.4.0/xtensa-esp32-elf/bin/xtensa-esp32-elf-g++  -mlongcalls -Wno-frame-address     CMakeFiles/cmTC_00727.dir/testCXXCompiler.cxx.obj  -o cmTC_00727 
make[5]: Leaving directory '/home/isma505/esp/esp-idf/examples/Micro_2/Lab1b/build/bootloader/CMakeFiles/CMakeTmp'
make[4]: Leaving directory '/home/isma505/esp/esp-idf/examples/Micro_2/Lab1b/build/bootloader/CMakeFiles/CMakeTmp'


Detecting CXX compiler ABI info compiled with the following output:
Change Dir: /home/isma505/esp/esp-idf/examples/Micro_2/Lab1b/build/bootloader/CMakeFiles/CMakeTmp

Run Build Command:"/usr/bin/make" "cmTC_18d6f/fast"
make[4]: Entering directory '/home/isma505/esp/esp-idf/examples/Micro_2/Lab1b/build/bootloader/CMakeFiles/CMakeTmp'
/usr/bin/make -f CMakeFiles/cmTC_18d6f.dir/build.make CMakeFiles/cmTC_18d6f.dir/build
make[5]: Entering directory '/home/isma505/esp/esp-idf/examples/Micro_2/Lab1b/build/bootloader/CMakeFiles/CMakeTmp'
Building CXX object CMakeFiles/cmTC_18d6f.dir/CMakeCXXCompilerABI.cpp.obj
/home/isma505/.espressif/tools/xtensa-esp32-elf/esp-2021r1-8.4.0/xtensa-esp32-elf/bin/xtensa-esp32-elf-g++    -mlongcalls -Wno-frame-address    -o CMakeFiles/cmTC_18d6f.dir/CMakeCXXCompilerABI.cpp.obj -c /usr/share/cmake-3.10/Modules/CMakeCXXCompilerABI.cpp
Linking CXX executable cmTC_18d6f
/usr/bin/cmake -E cmake_link_script CMakeFiles/cmTC_18d6f.dir/link.txt --verbose=1
/home/isma505/.espressif/tools/xtensa-esp32-elf/esp-2021r1-8.4.0/xtensa-esp32-elf/bin/xtensa-esp32-elf-g++  -mlongcalls -Wno-frame-address    -v CMakeFiles/cmTC_18d6f.dir/CMakeCXXCompilerABI.cpp.obj  -o cmTC_18d6f 
Using built-in specs.
COLLECT_GCC=/home/isma505/.espressif/tools/xtensa-esp32-elf/esp-2021r1-8.4.0/xtensa-esp32-elf/bin/xtensa-esp32-elf-g++
COLLECT_LTO_WRAPPER=/home/isma505/.espressif/tools/xtensa-esp32-elf/esp-2021r1-8.4.0/xtensa-esp32-elf/bin/../libexec/gcc/xtensa-esp32-elf/8.4.0/lto-wrapper
Target: xtensa-esp32-elf
Configured with: /builds/idf/crosstool-NG/.build/xtensa-esp32-elf/src/gcc/configure --build=x86_64-build_pc-linux-gnu --host=x86_64-build_pc-linux-gnu --target=xtensa-esp32-elf --prefix=/builds/idf/crosstool-NG/builds/xtensa-esp32-elf --with-local-prefix=/builds/idf/crosstool-NG/builds/xtensa-esp32-elf/xtensa-esp32-elf --with-headers=/builds/idf/crosstool-NG/builds/xtensa-esp32-elf/xtensa-esp32-elf/include --with-newlib --enable-threads=no --disable-shared --with-pkgversion='crosstool-NG esp-2021r1' --disable-__cxa_atexit --enable-cxx-flags=-ffunction-sections --disable-libgomp --disable-libmudflap --disable-libmpx --disable-libssp --disable-libquadmath --disable-libquadmath-support --with-gmp=/builds/idf/crosstool-NG/.build/xtensa-esp32-elf/buildtools --with-mpfr=/builds/idf/crosstool-NG/.build/xtensa-esp32-elf/buildtools --with-mpc=/builds/idf/crosstool-NG/.build/xtensa-esp32-elf/buildtools --with-isl=/builds/idf/crosstool-NG/.build/xtensa-esp32-elf/buildtools --enable-lto --enable-target-optspace --without-long-double-128 --disable-nls --enable-multiarch --enable-languages=c,c++ --disable-libstdcxx-verbose --enable-threads=posix --enable-gcov-custom-rtio --enable-libstdcxx-time=yes
Thread model: posix
gcc version 8.4.0 (crosstool-NG esp-2021r1) 
COMPILER_PATH=/home/isma505/.espressif/tools/xtensa-esp32-elf/esp-2021r1-8.4.0/xtensa-esp32-elf/bin/../libexec/gcc/xtensa-esp32-elf/8.4.0/:/home/isma505/.espressif/tools/xtensa-esp32-elf/esp-2021r1-8.4.0/xtensa-esp32-elf/bin/../libexec/gcc/:/home/isma505/.espressif/tools/xtensa-esp32-elf/esp-2021r1-8.4.0/xtensa-esp32-elf/bin/../lib/gcc/xtensa-esp32-elf/8.4.0/../../../../xtensa-esp32-elf/bin/
LIBRARY_PATH=/home/isma505/.espressif/tools/xtensa-esp32-elf/esp-2021r1-8.4.0/xtensa-esp32-elf/bin/../lib/gcc/xtensa-esp32-elf/8.4.0/:/home/isma505/.espressif/tools/xtensa-esp32-elf/esp-2021r1-8.4.0/xtensa-esp32-elf/bin/../lib/gcc/:/home/isma505/.espressif/tools/xtensa-esp32-elf/esp-2021r1-8.4.0/xtensa-esp32-elf/bin/../lib/gcc/xtensa-esp32-elf/8.4.0/../../../../xtensa-esp32-elf/lib/
COLLECT_GCC_OPTIONS='-mlongcalls' '-Wno-frame-address' '-v' '-o' 'cmTC_18d6f'
 /home/isma505/.espressif/tools/xtensa-esp32-elf/esp-2021r1-8.4.0/xtensa-esp32-elf/bin/../libexec/gcc/xtensa-esp32-elf/8.4.0/collect2 -plugin /home/isma505/.espressif/tools/xtensa-esp32-elf/esp-2021r1-8.4.0/xtensa-esp32-elf/bin/../libexec/gcc/xtensa-esp32-elf/8.4.0/liblto_plugin.so -plugin-opt=/home/isma505/.espressif/tools/xtensa-esp32-elf/esp-2021r1-8.4.0/xtensa-esp32-elf/bin/../libexec/gcc/xtensa-esp32-elf/8.4.0/lto-wrapper -plugin-opt=-fresolution=/tmp/ccymb7y2.res -plugin-opt=-pass-through=-lgcc -plugin-opt=-pass-through=-lc -plugin-opt=-pass-through=-lnosys -plugin-opt=-pass-through=-lc -plugin-opt=-pass-through=-lgcc -o cmTC_18d6f /home/isma505/.espressif/tools/xtensa-esp32-elf/esp-2021r1-8.4.0/xtensa-esp32-elf/bin/../lib/gcc/xtensa-esp32-elf/8.4.0/../../../../xtensa-esp32-elf/lib/crt0.o /home/isma505/.espressif/tools/xtensa-esp32-elf/esp-2021r1-8.4.0/xtensa-esp32-elf/bin/../lib/gcc/xtensa-esp32-elf/8.4.0/crti.o /home/isma505/.espressif/tools/xtensa-esp32-elf/esp-2021r1-8.4.0/xtensa-esp32-elf/bin/../lib/gcc/xtensa-esp32-elf/8.4.0/crtbegin.o -L/home/isma505/.espressif/tools/xtensa-esp32-elf/esp-2021r1-8.4.0/xtensa-esp32-elf/bin/../lib/gcc/xtensa-esp32-elf/8.4.0 -L/home/isma505/.espressif/tools/xtensa-esp32-elf/esp-2021r1-8.4.0/xtensa-esp32-elf/bin/../lib/gcc -L/home/isma505/.espressif/tools/xtensa-esp32-elf/esp-2021r1-8.4.0/xtensa-esp32-elf/bin/../lib/gcc/xtensa-esp32-elf/8.4.0/../../../../xtensa-esp32-elf/lib CMakeFiles/cmTC_18d6f.dir/CMakeCXXCompilerABI.cpp.obj -lstdc++ -lm -lgcc -lc -lnosys -lc -lgcc /home/isma505/.espressif/tools/xtensa-esp32-elf/esp-2021r1-8.4.0/xtensa-esp32-elf/bin/../lib/gcc/xtensa-esp32-elf/8.4.0/crtend.o /home/isma505/.espressif/tools/xtensa-esp32-elf/esp-2021r1-8.4.0/xtensa-esp32-elf/bin/../lib/gcc/xtensa-esp32-elf/8.4.0/crtn.o
COLLECT_GCC_OPTIONS='-mlongcalls' '-Wno-frame-address' '-v' '-o' 'cmTC_18d6f'
make[5]: Leaving directory '/home/isma505/esp/esp-idf/examples/Micro_2/Lab1b/build/bootloader/CMakeFiles/CMakeTmp'
make[4]: Leaving directory '/home/isma505/esp/esp-idf/examples/Micro_2/Lab1b/build/bootloader/CMakeFiles/CMakeTmp'


Parsed CXX implicit link information from above output:
  link line regex: [^( *|.*[/\])(xtensa-esp32-elf-ld|CMAKE_LINK_STARTFILE-NOTFOUND|([^/\]+-)?ld|collect2)[^/\]*( |$)]
  ignore line: [Change Dir: /home/isma505/esp/esp-idf/examples/Micro_2/Lab1b/build/bootloader/CMakeFiles/CMakeTmp]
  ignore line: []
  ignore line: [Run Build Command:"/usr/bin/make" "cmTC_18d6f/fast"]
  ignore line: [make[4]: Entering directory '/home/isma505/esp/esp-idf/examples/Micro_2/Lab1b/build/bootloader/CMakeFiles/CMakeTmp']
  ignore line: [/usr/bin/make -f CMakeFiles/cmTC_18d6f.dir/build.make CMakeFiles/cmTC_18d6f.dir/build]
  ignore line: [make[5]: Entering directory '/home/isma505/esp/esp-idf/examples/Micro_2/Lab1b/build/bootloader/CMakeFiles/CMakeTmp']
  ignore line: [Building CXX object CMakeFiles/cmTC_18d6f.dir/CMakeCXXCompilerABI.cpp.obj]
  ignore line: [/home/isma505/.espressif/tools/xtensa-esp32-elf/esp-2021r1-8.4.0/xtensa-esp32-elf/bin/xtensa-esp32-elf-g++    -mlongcalls -Wno-frame-address    -o CMakeFiles/cmTC_18d6f.dir/CMakeCXXCompilerABI.cpp.obj -c /usr/share/cmake-3.10/Modules/CMakeCXXCompilerABI.cpp]
  ignore line: [Linking CXX executable cmTC_18d6f]
  ignore line: [/usr/bin/cmake -E cmake_link_script CMakeFiles/cmTC_18d6f.dir/link.txt --verbose=1]
  ignore line: [/home/isma505/.espressif/tools/xtensa-esp32-elf/esp-2021r1-8.4.0/xtensa-esp32-elf/bin/xtensa-esp32-elf-g++  -mlongcalls -Wno-frame-address    -v CMakeFiles/cmTC_18d6f.dir/CMakeCXXCompilerABI.cpp.obj  -o cmTC_18d6f ]
  ignore line: [Using built-in specs.]
  ignore line: [COLLECT_GCC=/home/isma505/.espressif/tools/xtensa-esp32-elf/esp-2021r1-8.4.0/xtensa-esp32-elf/bin/xtensa-esp32-elf-g++]
  ignore line: [COLLECT_LTO_WRAPPER=/home/isma505/.espressif/tools/xtensa-esp32-elf/esp-2021r1-8.4.0/xtensa-esp32-elf/bin/../libexec/gcc/xtensa-esp32-elf/8.4.0/lto-wrapper]
  ignore line: [Target: xtensa-esp32-elf]
  ignore line: [Configured with: /builds/idf/crosstool-NG/.build/xtensa-esp32-elf/src/gcc/configure --build=x86_64-build_pc-linux-gnu --host=x86_64-build_pc-linux-gnu --target=xtensa-esp32-elf --prefix=/builds/idf/crosstool-NG/builds/xtensa-esp32-elf --with-local-prefix=/builds/idf/crosstool-NG/builds/xtensa-esp32-elf/xtensa-esp32-elf --with-headers=/builds/idf/crosstool-NG/builds/xtensa-esp32-elf/xtensa-esp32-elf/include --with-newlib --enable-threads=no --disable-shared --with-pkgversion='crosstool-NG esp-2021r1' --disable-__cxa_atexit --enable-cxx-flags=-ffunction-sections --disable-libgomp --disable-libmudflap --disable-libmpx --disable-libssp --disable-libquadmath --disable-libquadmath-support --with-gmp=/builds/idf/crosstool-NG/.build/xtensa-esp32-elf/buildtools --with-mpfr=/builds/idf/crosstool-NG/.build/xtensa-esp32-elf/buildtools --with-mpc=/builds/idf/crosstool-NG/.build/xtensa-esp32-elf/buildtools --with-isl=/builds/idf/crosstool-NG/.build/xtensa-esp32-elf/buildtools --enable-lto --enable-target-optspace --without-long-double-128 --disable-nls --enable-multiarch --enable-languages=c,c++ --disable-libstdcxx-verbose --enable-threads=posix --enable-gcov-custom-rtio --enable-libstdcxx-time=yes]
  ignore line: [Thread model: posix]
  ignore line: [gcc version 8.4.0 (crosstool-NG esp-2021r1) ]
  ignore line: [COMPILER_PATH=/home/isma505/.espressif/tools/xtensa-esp32-elf/esp-2021r1-8.4.0/xtensa-esp32-elf/bin/../libexec/gcc/xtensa-esp32-elf/8.4.0/:/home/isma505/.espressif/tools/xtensa-esp32-elf/esp-2021r1-8.4.0/xtensa-esp32-elf/bin/../libexec/gcc/:/home/isma505/.espressif/tools/xtensa-esp32-elf/esp-2021r1-8.4.0/xtensa-esp32-elf/bin/../lib/gcc/xtensa-esp32-elf/8.4.0/../../../../xtensa-esp32-elf/bin/]
  ignore line: [LIBRARY_PATH=/home/isma505/.espressif/tools/xtensa-esp32-elf/esp-2021r1-8.4.0/xtensa-esp32-elf/bin/../lib/gcc/xtensa-esp32-elf/8.4.0/:/home/isma505/.espressif/tools/xtensa-esp32-elf/esp-2021r1-8.4.0/xtensa-esp32-elf/bin/../lib/gcc/:/home/isma505/.espressif/tools/xtensa-esp32-elf/esp-2021r1-8.4.0/xtensa-esp32-elf/bin/../lib/gcc/xtensa-esp32-elf/8.4.0/../../../../xtensa-esp32-elf/lib/]
  ignore line: [COLLECT_GCC_OPTIONS='-mlongcalls' '-Wno-frame-address' '-v' '-o' 'cmTC_18d6f']
  link line: [ /home/isma505/.espressif/tools/xtensa-esp32-elf/esp-2021r1-8.4.0/xtensa-esp32-elf/bin/../libexec/gcc/xtensa-esp32-elf/8.4.0/collect2 -plugin /home/isma505/.espressif/tools/xtensa-esp32-elf/esp-2021r1-8.4.0/xtensa-esp32-elf/bin/../libexec/gcc/xtensa-esp32-elf/8.4.0/liblto_plugin.so -plugin-opt=/home/isma505/.espressif/tools/xtensa-esp32-elf/esp-2021r1-8.4.0/xtensa-esp32-elf/bin/../libexec/gcc/xtensa-esp32-elf/8.4.0/lto-wrapper -plugin-opt=-fresolution=/tmp/ccymb7y2.res -plugin-opt=-pass-through=-lgcc -plugin-opt=-pass-through=-lc -plugin-opt=-pass-through=-lnosys -plugin-opt=-pass-through=-lc -plugin-opt=-pass-through=-lgcc -o cmTC_18d6f /home/isma505/.espressif/tools/xtensa-esp32-elf/esp-2021r1-8.4.0/xtensa-esp32-elf/bin/../lib/gcc/xtensa-esp32-elf/8.4.0/../../../../xtensa-esp32-elf/lib/crt0.o /home/isma505/.espressif/tools/xtensa-esp32-elf/esp-2021r1-8.4.0/xtensa-esp32-elf/bin/../lib/gcc/xtensa-esp32-elf/8.4.0/crti.o /home/isma505/.espressif/tools/xtensa-esp32-elf/esp-2021r1-8.4.0/xtensa-esp32-elf/bin/../lib/gcc/xtensa-esp32-elf/8.4.0/crtbegin.o -L/home/isma505/.espressif/tools/xtensa-esp32-elf/esp-2021r1-8.4.0/xtensa-esp32-elf/bin/../lib/gcc/xtensa-esp32-elf/8.4.0 -L/home/isma505/.espressif/tools/xtensa-esp32-elf/esp-2021r1-8.4.0/xtensa-esp32-elf/bin/../lib/gcc -L/home/isma505/.espressif/tools/xtensa-esp32-elf/esp-2021r1-8.4.0/xtensa-esp32-elf/bin/../lib/gcc/xtensa-esp32-elf/8.4.0/../../../../xtensa-esp32-elf/lib CMakeFiles/cmTC_18d6f.dir/CMakeCXXCompilerABI.cpp.obj -lstdc++ -lm -lgcc -lc -lnosys -lc -lgcc /home/isma505/.espressif/tools/xtensa-esp32-elf/esp-2021r1-8.4.0/xtensa-esp32-elf/bin/../lib/gcc/xtensa-esp32-elf/8.4.0/crtend.o /home/isma505/.espressif/tools/xtensa-esp32-elf/esp-2021r1-8.4.0/xtensa-esp32-elf/bin/../lib/gcc/xtensa-esp32-elf/8.4.0/crtn.o]
    arg [/home/isma505/.espressif/tools/xtensa-esp32-elf/esp-2021r1-8.4.0/xtensa-esp32-elf/bin/../libexec/gcc/xtensa-esp32-elf/8.4.0/collect2] ==> ignore
    arg [-plugin] ==> ignore
    arg [/home/isma505/.espressif/tools/xtensa-esp32-elf/esp-2021r1-8.4.0/xtensa-esp32-elf/bin/../libexec/gcc/xtensa-esp32-elf/8.4.0/liblto_plugin.so] ==> ignore
    arg [-plugin-opt=/home/isma505/.espressif/tools/xtensa-esp32-elf/esp-2021r1-8.4.0/xtensa-esp32-elf/bin/../libexec/gcc/xtensa-esp32-elf/8.4.0/lto-wrapper] ==> ignore
    arg [-plugin-opt=-fresolution=/tmp/ccymb7y2.res] ==> ignore
    arg [-plugin-opt=-pass-through=-lgcc] ==> ignore
    arg [-plugin-opt=-pass-through=-lc] ==> ignore
    arg [-plugin-opt=-pass-through=-lnosys] ==> ignore
    arg [-plugin-opt=-pass-through=-lc] ==> ignore
    arg [-plugin-opt=-pass-through=-lgcc] ==> ignore
    arg [-o] ==> ignore
    arg [cmTC_18d6f] ==> ignore
    arg [/home/isma505/.espressif/tools/xtensa-esp32-elf/esp-2021r1-8.4.0/xtensa-esp32-elf/bin/../lib/gcc/xtensa-esp32-elf/8.4.0/../../../../xtensa-esp32-elf/lib/crt0.o] ==> ignore
    arg [/home/isma505/.espressif/tools/xtensa-esp32-elf/esp-2021r1-8.4.0/xtensa-esp32-elf/bin/../lib/gcc/xtensa-esp32-elf/8.4.0/crti.o] ==> ignore
    arg [/home/isma505/.espressif/tools/xtensa-esp32-elf/esp-2021r1-8.4.0/xtensa-esp32-elf/bin/../lib/gcc/xtensa-esp32-elf/8.4.0/crtbegin.o] ==> ignore
    arg [-L/home/isma505/.espressif/tools/xtensa-esp32-elf/esp-2021r1-8.4.0/xtensa-esp32-elf/bin/../lib/gcc/xtensa-esp32-elf/8.4.0] ==> dir [/home/isma505/.espressif/tools/xtensa-esp32-elf/esp-2021r1-8.4.0/xtensa-esp32-elf/bin/../lib/gcc/xtensa-esp32-elf/8.4.0]
    arg [-L/home/isma505/.espressif/tools/xtensa-esp32-elf/esp-2021r1-8.4.0/xtensa-esp32-elf/bin/../lib/gcc] ==> dir [/home/isma505/.espressif/tools/xtensa-esp32-elf/esp-2021r1-8.4.0/xtensa-esp32-elf/bin/../lib/gcc]
    arg [-L/home/isma505/.espressif/tools/xtensa-esp32-elf/esp-2021r1-8.4.0/xtensa-esp32-elf/bin/../lib/gcc/xtensa-esp32-elf/8.4.0/../../../../xtensa-esp32-elf/lib] ==> dir [/home/isma505/.espressif/tools/xtensa-esp32-elf/esp-2021r1-8.4.0/xtensa-esp32-elf/bin/../lib/gcc/xtensa-esp32-elf/8.4.0/../../../../xtensa-esp32-elf/lib]
    arg [CMakeFiles/cmTC_18d6f.dir/CMakeCXXCompilerABI.cpp.obj] ==> ignore
    arg [-lstdc++] ==> lib [stdc++]
    arg [-lm] ==> lib [m]
    arg [-lgcc] ==> lib [gcc]
    arg [-lc] ==> lib [c]
    arg [-lnosys] ==> lib [nosys]
    arg [-lc] ==> lib [c]
    arg [-lgcc] ==> lib [gcc]
    arg [/home/isma505/.espressif/tools/xtensa-esp32-elf/esp-2021r1-8.4.0/xtensa-esp32-elf/bin/../lib/gcc/xtensa-esp32-elf/8.4.0/crtend.o] ==> ignore
    arg [/home/isma505/.espressif/tools/xtensa-esp32-elf/esp-2021r1-8.4.0/xtensa-esp32-elf/bin/../lib/gcc/xtensa-esp32-elf/8.4.0/crtn.o] ==> ignore
  collapse library dir [/home/isma505/.espressif/tools/xtensa-esp32-elf/esp-2021r1-8.4.0/xtensa-esp32-elf/bin/../lib/gcc/xtensa-esp32-elf/8.4.0] ==> [/home/isma505/.espressif/tools/xtensa-esp32-elf/esp-2021r1-8.4.0/xtensa-esp32-elf/lib/gcc/xtensa-esp32-elf/8.4.0]
  collapse library dir [/home/isma505/.espressif/tools/xtensa-esp32-elf/esp-2021r1-8.4.0/xtensa-esp32-elf/bin/../lib/gcc] ==> [/home/isma505/.espressif/tools/xtensa-esp32-elf/esp-2021r1-8.4.0/xtensa-esp32-elf/lib/gcc]
  collapse library dir [/home/isma505/.espressif/tools/xtensa-esp32-elf/esp-2021r1-8.4.0/xtensa-esp32-elf/bin/../lib/gcc/xtensa-esp32-elf/8.4.0/../../../../xtensa-esp32-elf/lib] ==> [/home/isma505/.espressif/tools/xtensa-esp32-elf/esp-2021r1-8.4.0/xtensa-esp32-elf/xtensa-esp32-elf/lib]
  implicit libs: [stdc++;m;gcc;c;nosys;c;gcc]
  implicit dirs: [/home/isma505/.espressif/tools/xtensa-esp32-elf/esp-2021r1-8.4.0/xtensa-esp32-elf/lib/gcc/xtensa-esp32-elf/8.4.0;/home/isma505/.espressif/tools/xtensa-esp32-elf/esp-2021r1-8.4.0/xtensa-esp32-elf/lib/gcc;/home/isma505/.espressif/tools/xtensa-esp32-elf/esp-2021r1-8.4.0/xtensa-esp32-elf/xtensa-esp32-elf/lib]
  implicit fwks: []




Detecting CXX [-std=c++1z] compiler features compiled with the following output:
Change Dir: /home/isma505/esp/esp-idf/examples/Micro_2/Lab1b/build/bootloader/CMakeFiles/CMakeTmp

Run Build Command:"/usr/bin/make" "cmTC_4593b/fast"
make[4]: Entering directory '/home/isma505/esp/esp-idf/examples/Micro_2/Lab1b/build/bootloader/CMakeFiles/CMakeTmp'
/usr/bin/make -f CMakeFiles/cmTC_4593b.dir/build.make CMakeFiles/cmTC_4593b.dir/build
make[5]: Entering directory '/home/isma505/esp/esp-idf/examples/Micro_2/Lab1b/build/bootloader/CMakeFiles/CMakeTmp'
Building CXX object CMakeFiles/cmTC_4593b.dir/feature_tests.cxx.obj
/home/isma505/.espressif/tools/xtensa-esp32-elf/esp-2021r1-8.4.0/xtensa-esp32-elf/bin/xtensa-esp32-elf-g++    -mlongcalls -Wno-frame-address    -std=c++1z -o CMakeFiles/cmTC_4593b.dir/feature_tests.cxx.obj -c /home/isma505/esp/esp-idf/examples/Micro_2/Lab1b/build/bootloader/CMakeFiles/feature_tests.cxx
Linking CXX executable cmTC_4593b
/usr/bin/cmake -E cmake_link_script CMakeFiles/cmTC_4593b.dir/link.txt --verbose=1
/home/isma505/.espressif/tools/xtensa-esp32-elf/esp-2021r1-8.4.0/xtensa-esp32-elf/bin/xtensa-esp32-elf-g++  -mlongcalls -Wno-frame-address     CMakeFiles/cmTC_4593b.dir/feature_tests.cxx.obj  -o cmTC_4593b 
make[5]: Leaving directory '/home/isma505/esp/esp-idf/examples/Micro_2/Lab1b/build/bootloader/CMakeFiles/CMakeTmp'
make[4]: Leaving directory '/home/isma505/esp/esp-idf/examples/Micro_2/Lab1b/build/bootloader/CMakeFiles/CMakeTmp'


    Feature record: CXX_FEATURE:1cxx_aggregate_default_initializers
    Feature record: CXX_FEATURE:1cxx_alias_templates
    Feature record: CXX_FEATURE:1cxx_alignas
    Feature record: CXX_FEATURE:1cxx_alignof
    Feature record: CXX_FEATURE:1cxx_attributes
    Feature record: CXX_FEATURE:1cxx_attribute_deprecated
    Feature record: CXX_FEATURE:1cxx_auto_type
    Feature record: CXX_FEATURE:1cxx_binary_literals
    Feature record: CXX_FEATURE:1cxx_constexpr
    Feature record: CXX_FEATURE:1cxx_contextual_conversions
    Feature record: CXX_FEATURE:1cxx_decltype
    Feature record: CXX_FEATURE:1cxx_decltype_auto
    Feature record: CXX_FEATURE:1cxx_decltype_incomplete_return_types
    Feature record: CXX_FEATURE:1cxx_default_function_template_args
    Feature record: CXX_FEATURE:1cxx_defaulted_functions
    Feature record: CXX_FEATURE:1cxx_defaulted_move_initializers
    Feature record: CXX_FEATURE:1cxx_delegating_constructors
    Feature record: CXX_FEATURE:1cxx_deleted_functions
    Feature record: CXX_FEATURE:1cxx_digit_separators
    Feature record: CXX_FEATURE:1cxx_enum_forward_declarations
    Feature record: CXX_FEATURE:1cxx_explicit_conversions
    Feature record: CXX_FEATURE:1cxx_extended_friend_declarations
    Feature record: CXX_FEATURE:1cxx_extern_templates
    Feature record: CXX_FEATURE:1cxx_final
    Feature record: CXX_FEATURE:1cxx_func_identifier
    Feature record: CXX_FEATURE:1cxx_generalized_initializers
    Feature record: CXX_FEATURE:1cxx_generic_lambdas
    Feature record: CXX_FEATURE:1cxx_inheriting_constructors
    Feature record: CXX_FEATURE:1cxx_inline_namespaces
    Feature record: CXX_FEATURE:1cxx_lambdas
    Feature record: CXX_FEATURE:1cxx_lambda_init_captures
    Feature record: CXX_FEATURE:1cxx_local_type_template_args
    Feature record: CXX_FEATURE:1cxx_long_long_type
    Feature record: CXX_FEATURE:1cxx_noexcept
    Feature record: CXX_FEATURE:1cxx_nonstatic_member_init
    Feature record: CXX_FEATURE:1cxx_nullptr
    Feature record: CXX_FEATURE:1cxx_override
    Feature record: CXX_FEATURE:1cxx_range_for
    Feature record: CXX_FEATURE:1cxx_raw_string_literals
    Feature record: CXX_FEATURE:1cxx_reference_qualified_functions
    Feature record: CXX_FEATURE:1cxx_relaxed_constexpr
    Feature record: CXX_FEATURE:1cxx_return_type_deduction
    Feature record: CXX_FEATURE:1cxx_right_angle_brackets
    Feature record: CXX_FEATURE:1cxx_rvalue_references
    Feature record: CXX_FEATURE:1cxx_sizeof_member
    Feature record: CXX_FEATURE:1cxx_static_assert
    Feature record: CXX_FEATURE:1cxx_strong_enums
    Feature record: CXX_FEATURE:1cxx_template_template_parameters
    Feature record: CXX_FEATURE:1cxx_thread_local
    Feature record: CXX_FEATURE:1cxx_trailing_return_types
    Feature record: CXX_FEATURE:1cxx_unicode_literals
    Feature record: CXX_FEATURE:1cxx_uniform_initialization
    Feature record: CXX_FEATURE:1cxx_unrestricted_unions
    Feature record: CXX_FEATURE:1cxx_user_literals
    Feature record: CXX_FEATURE:1cxx_variable_templates
    Feature record: CXX_FEATURE:1cxx_variadic_macros
    Feature record: CXX_FEATURE:1cxx_variadic_templates


Detecting CXX [-std=c++14] compiler features compiled with the following output:
Change Dir: /home/isma505/esp/esp-idf/examples/Micro_2/Lab1b/build/bootloader/CMakeFiles/CMakeTmp

Run Build Command:"/usr/bin/make" "cmTC_575c8/fast"
make[4]: Entering directory '/home/isma505/esp/esp-idf/examples/Micro_2/Lab1b/build/bootloader/CMakeFiles/CMakeTmp'
/usr/bin/make -f CMakeFiles/cmTC_575c8.dir/build.make CMakeFiles/cmTC_575c8.dir/build
make[5]: Entering directory '/home/isma505/esp/esp-idf/examples/Micro_2/Lab1b/build/bootloader/CMakeFiles/CMakeTmp'
Building CXX object CMakeFiles/cmTC_575c8.dir/feature_tests.cxx.obj
/home/isma505/.espressif/tools/xtensa-esp32-elf/esp-2021r1-8.4.0/xtensa-esp32-elf/bin/xtensa-esp32-elf-g++    -mlongcalls -Wno-frame-address    -std=c++14 -o CMakeFiles/cmTC_575c8.dir/feature_tests.cxx.obj -c /home/isma505/esp/esp-idf/examples/Micro_2/Lab1b/build/bootloader/CMakeFiles/feature_tests.cxx
Linking CXX executable cmTC_575c8
/usr/bin/cmake -E cmake_link_script CMakeFiles/cmTC_575c8.dir/link.txt --verbose=1
/home/isma505/.espressif/tools/xtensa-esp32-elf/esp-2021r1-8.4.0/xtensa-esp32-elf/bin/xtensa-esp32-elf-g++  -mlongcalls -Wno-frame-address     CMakeFiles/cmTC_575c8.dir/feature_tests.cxx.obj  -o cmTC_575c8 
make[5]: Leaving directory '/home/isma505/esp/esp-idf/examples/Micro_2/Lab1b/build/bootloader/CMakeFiles/CMakeTmp'
make[4]: Leaving directory '/home/isma505/esp/esp-idf/examples/Micro_2/Lab1b/build/bootloader/CMakeFiles/CMakeTmp'


    Feature record: CXX_FEATURE:1cxx_aggregate_default_initializers
    Feature record: CXX_FEATURE:1cxx_alias_templates
    Feature record: CXX_FEATURE:1cxx_alignas
    Feature record: CXX_FEATURE:1cxx_alignof
    Feature record: CXX_FEATURE:1cxx_attributes
    Feature record: CXX_FEATURE:1cxx_attribute_deprecated
    Feature record: CXX_FEATURE:1cxx_auto_type
    Feature record: CXX_FEATURE:1cxx_binary_literals
    Feature record: CXX_FEATURE:1cxx_constexpr
    Feature record: CXX_FEATURE:1cxx_contextual_conversions
    Feature record: CXX_FEATURE:1cxx_decltype
    Feature record: CXX_FEATURE:1cxx_decltype_auto
    Feature record: CXX_FEATURE:1cxx_decltype_incomplete_return_types
    Feature record: CXX_FEATURE:1cxx_default_function_template_args
    Feature record: CXX_FEATURE:1cxx_defaulted_functions
    Feature record: CXX_FEATURE:1cxx_defaulted_move_initializers
    Feature record: CXX_FEATURE:1cxx_delegating_constructors
    Feature record: CXX_FEATURE:1cxx_deleted_functions
    Feature record: CXX_FEATURE:1cxx_digit_separators
    Feature record: CXX_FEATURE:1cxx_enum_forward_declarations
    Feature record: CXX_FEATURE:1cxx_explicit_conversions
    Feature record: CXX_FEATURE:1cxx_extended_friend_declarations
    Feature record: CXX_FEATURE:1cxx_extern_templates
    Feature record: CXX_FEATURE:1cxx_final
    Feature record: CXX_FEATURE:1cxx_func_identifier
    Feature record: CXX_FEATURE:1cxx_generalized_initializers
    Feature record: CXX_FEATURE:1cxx_generic_lambdas
    Feature record: CXX_FEATURE:1cxx_inheriting_constructors
    Feature record: CXX_FEATURE:1cxx_inline_namespaces
    Feature record: CXX_FEATURE:1cxx_lambdas
    Feature record: CXX_FEATURE:1cxx_lambda_init_captures
    Feature record: CXX_FEATURE:1cxx_local_type_template_args
    Feature record: CXX_FEATURE:1cxx_long_long_type
    Feature record: CXX_FEATURE:1cxx_noexcept
    Feature record: CXX_FEATURE:1cxx_nonstatic_member_init
    Feature record: CXX_FEATURE:1cxx_nullptr
    Feature record: CXX_FEATURE:1cxx_override
    Feature record: CXX_FEATURE:1cxx_range_for
    Feature record: CXX_FEATURE:1cxx_raw_string_literals
    Feature record: CXX_FEATURE:1cxx_reference_qualified_functions
    Feature record: CXX_FEATURE:1cxx_relaxed_constexpr
    Feature record: CXX_FEATURE:1cxx_return_type_deduction
    Feature record: CXX_FEATURE:1cxx_right_angle_brackets
    Feature record: CXX_FEATURE:1cxx_rvalue_references
    Feature record: CXX_FEATURE:1cxx_sizeof_member
    Feature record: CXX_FEATURE:1cxx_static_assert
    Feature record: CXX_FEATURE:1cxx_strong_enums
    Feature record: CXX_FEATURE:1cxx_template_template_parameters
    Feature record: CXX_FEATURE:1cxx_thread_local
    Feature record: CXX_FEATURE:1cxx_trailing_return_types
    Feature record: CXX_FEATURE:1cxx_unicode_literals
    Feature record: CXX_FEATURE:1cxx_uniform_initialization
    Feature record: CXX_FEATURE:1cxx_unrestricted_unions
    Feature record: CXX_FEATURE:1cxx_user_literals
    Feature record: CXX_FEATURE:1cxx_variable_templates
    Feature record: CXX_FEATURE:1cxx_variadic_macros
    Feature record: CXX_FEATURE:1cxx_variadic_templates


Detecting CXX [-std=c++11] compiler features compiled with the following output:
Change Dir: /home/isma505/esp/esp-idf/examples/Micro_2/Lab1b/build/bootloader/CMakeFiles/CMakeTmp

Run Build Command:"/usr/bin/make" "cmTC_aefd6/fast"
make[4]: Entering directory '/home/isma505/esp/esp-idf/examples/Micro_2/Lab1b/build/bootloader/CMakeFiles/CMakeTmp'
/usr/bin/make -f CMakeFiles/cmTC_aefd6.dir/build.make CMakeFiles/cmTC_aefd6.dir/build
make[5]: Entering directory '/home/isma505/esp/esp-idf/examples/Micro_2/Lab1b/build/bootloader/CMakeFiles/CMakeTmp'
Building CXX object CMakeFiles/cmTC_aefd6.dir/feature_tests.cxx.obj
/home/isma505/.espressif/tools/xtensa-esp32-elf/esp-2021r1-8.4.0/xtensa-esp32-elf/bin/xtensa-esp32-elf-g++    -mlongcalls -Wno-frame-address    -std=c++11 -o CMakeFiles/cmTC_aefd6.dir/feature_tests.cxx.obj -c /home/isma505/esp/esp-idf/examples/Micro_2/Lab1b/build/bootloader/CMakeFiles/feature_tests.cxx
Linking CXX executable cmTC_aefd6
/usr/bin/cmake -E cmake_link_script CMakeFiles/cmTC_aefd6.dir/link.txt --verbose=1
/home/isma505/.espressif/tools/xtensa-esp32-elf/esp-2021r1-8.4.0/xtensa-esp32-elf/bin/xtensa-esp32-elf-g++  -mlongcalls -Wno-frame-address     CMakeFiles/cmTC_aefd6.dir/feature_tests.cxx.obj  -o cmTC_aefd6 
make[5]: Leaving directory '/home/isma505/esp/esp-idf/examples/Micro_2/Lab1b/build/bootloader/CMakeFiles/CMakeTmp'
make[4]: Leaving directory '/home/isma505/esp/esp-idf/examples/Micro_2/Lab1b/build/bootloader/CMakeFiles/CMakeTmp'


    Feature record: CXX_FEATURE:0cxx_aggregate_default_initializers
    Feature record: CXX_FEATURE:1cxx_alias_templates
    Feature record: CXX_FEATURE:1cxx_alignas
    Feature record: CXX_FEATURE:1cxx_alignof
    Feature record: CXX_FEATURE:1cxx_attributes
    Feature record: CXX_FEATURE:0cxx_attribute_deprecated
    Feature record: CXX_FEATURE:1cxx_auto_type
    Feature record: CXX_FEATURE:0cxx_binary_literals
    Feature record: CXX_FEATURE:1cxx_constexpr
    Feature record: CXX_FEATURE:0cxx_contextual_conversions
    Feature record: CXX_FEATURE:1cxx_decltype
    Feature record: CXX_FEATURE:0cxx_decltype_auto
    Feature record: CXX_FEATURE:1cxx_decltype_incomplete_return_types
    Feature record: CXX_FEATURE:1cxx_default_function_template_args
    Feature record: CXX_FEATURE:1cxx_defaulted_functions
    Feature record: CXX_FEATURE:1cxx_defaulted_move_initializers
    Feature record: CXX_FEATURE:1cxx_delegating_constructors
    Feature record: CXX_FEATURE:1cxx_deleted_functions
    Feature record: CXX_FEATURE:0cxx_digit_separators
    Feature record: CXX_FEATURE:1cxx_enum_forward_declarations
    Feature record: CXX_FEATURE:1cxx_explicit_conversions
    Feature record: CXX_FEATURE:1cxx_extended_friend_declarations
    Feature record: CXX_FEATURE:1cxx_extern_templates
    Feature record: CXX_FEATURE:1cxx_final
    Feature record: CXX_FEATURE:1cxx_func_identifier
    Feature record: CXX_FEATURE:1cxx_generalized_initializers
    Feature record: CXX_FEATURE:0cxx_generic_lambdas
    Feature record: CXX_FEATURE:1cxx_inheriting_constructors
    Feature record: CXX_FEATURE:1cxx_inline_namespaces
    Feature record: CXX_FEATURE:1cxx_lambdas
    Feature record: CXX_FEATURE:0cxx_lambda_init_captures
    Feature record: CXX_FEATURE:1cxx_local_type_template_args
    Feature record: CXX_FEATURE:1cxx_long_long_type
    Feature record: CXX_FEATURE:1cxx_noexcept
    Feature record: CXX_FEATURE:1cxx_nonstatic_member_init
    Feature record: CXX_FEATURE:1cxx_nullptr
    Feature record: CXX_FEATURE:1cxx_override
    Feature record: CXX_FEATURE:1cxx_range_for
    Feature record: CXX_FEATURE:1cxx_raw_string_literals
    Feature record: CXX_FEATURE:1cxx_reference_qualified_functions
    Feature record: CXX_FEATURE:0cxx_relaxed_constexpr
    Feature record: CXX_FEATURE:0cxx_return_type_deduction
    Feature record: CXX_FEATURE:1cxx_right_angle_brackets
    Feature record: CXX_FEATURE:1cxx_rvalue_references
    Feature record: CXX_FEATURE:1cxx_sizeof_member
    Feature record: CXX_FEATURE:1cxx_static_assert
    Feature record: CXX_FEATURE:1cxx_strong_enums
    Feature record: CXX_FEATURE:1cxx_template_template_parameters
    Feature record: CXX_FEATURE:1cxx_thread_local
    Feature record: CXX_FEATURE:1cxx_trailing_return_types
    Feature record: CXX_FEATURE:1cxx_unicode_literals
    Feature record: CXX_FEATURE:1cxx_uniform_initialization
    Feature record: CXX_FEATURE:1cxx_unrestricted_unions
    Feature record: CXX_FEATURE:1cxx_user_literals
    Feature record: CXX_FEATURE:0cxx_variable_templates
    Feature record: CXX_FEATURE:1cxx_variadic_macros
    Feature record: CXX_FEATURE:1cxx_variadic_templates


Detecting CXX [-std=c++98] compiler features compiled with the following output:
Change Dir: /home/isma505/esp/esp-idf/examples/Micro_2/Lab1b/build/bootloader/CMakeFiles/CMakeTmp

Run Build Command:"/usr/bin/make" "cmTC_75185/fast"
make[4]: Entering directory '/home/isma505/esp/esp-idf/examples/Micro_2/Lab1b/build/bootloader/CMakeFiles/CMakeTmp'
/usr/bin/make -f CMakeFiles/cmTC_75185.dir/build.make CMakeFiles/cmTC_75185.dir/build
make[5]: Entering directory '/home/isma505/esp/esp-idf/examples/Micro_2/Lab1b/build/bootloader/CMakeFiles/CMakeTmp'
Building CXX object CMakeFiles/cmTC_75185.dir/feature_tests.cxx.obj
/home/isma505/.espressif/tools/xtensa-esp32-elf/esp-2021r1-8.4.0/xtensa-esp32-elf/bin/xtensa-esp32-elf-g++    -mlongcalls -Wno-frame-address    -std=c++98 -o CMakeFiles/cmTC_75185.dir/feature_tests.cxx.obj -c /home/isma505/esp/esp-idf/examples/Micro_2/Lab1b/build/bootloader/CMakeFiles/feature_tests.cxx
Linking CXX executable cmTC_75185
/usr/bin/cmake -E cmake_link_script CMakeFiles/cmTC_75185.dir/link.txt --verbose=1
/home/isma505/.espressif/tools/xtensa-esp32-elf/esp-2021r1-8.4.0/xtensa-esp32-elf/bin/xtensa-esp32-elf-g++  -mlongcalls -Wno-frame-address     CMakeFiles/cmTC_75185.dir/feature_tests.cxx.obj  -o cmTC_75185 
make[5]: Leaving directory '/home/isma505/esp/esp-idf/examples/Micro_2/Lab1b/build/bootloader/CMakeFiles/CMakeTmp'
make[4]: Leaving directory '/home/isma505/esp/esp-idf/examples/Micro_2/Lab1b/build/bootloader/CMakeFiles/CMakeTmp'


    Feature record: CXX_FEATURE:0cxx_aggregate_default_initializers
    Feature record: CXX_FEATURE:0cxx_alias_templates
    Feature record: CXX_FEATURE:0cxx_alignas
    Feature record: CXX_FEATURE:0cxx_alignof
    Feature record: CXX_FEATURE:0cxx_attributes
    Feature record: CXX_FEATURE:0cxx_attribute_deprecated
    Feature record: CXX_FEATURE:0cxx_auto_type
    Feature record: CXX_FEATURE:0cxx_binary_literals
    Feature record: CXX_FEATURE:0cxx_constexpr
    Feature record: CXX_FEATURE:0cxx_contextual_conversions
    Feature record: CXX_FEATURE:0cxx_decltype
    Feature record: CXX_FEATURE:0cxx_decltype_auto
    Feature record: CXX_FEATURE:0cxx_decltype_incomplete_return_types
    Feature record: CXX_FEATURE:0cxx_default_function_template_args
    Feature record: CXX_FEATURE:0cxx_defaulted_functions
    Feature record: CXX_FEATURE:0cxx_defaulted_move_initializers
    Feature record: CXX_FEATURE:0cxx_delegating_constructors
    Feature record: CXX_FEATURE:0cxx_deleted_functions
    Feature record: CXX_FEATURE:0cxx_digit_separators
    Feature record: CXX_FEATURE:0cxx_enum_forward_declarations
    Feature record: CXX_FEATURE:0cxx_explicit_conversions
    Feature record: CXX_FEATURE:0cxx_extended_friend_declarations
    Feature record: CXX_FEATURE:0cxx_extern_templates
    Feature record: CXX_FEATURE:0cxx_final
    Feature record: CXX_FEATURE:0cxx_func_identifier
    Feature record: CXX_FEATURE:0cxx_generalized_initializers
    Feature record: CXX_FEATURE:0cxx_generic_lambdas
    Feature record: CXX_FEATURE:0cxx_inheriting_constructors
    Feature record: CXX_FEATURE:0cxx_inline_namespaces
    Feature record: CXX_FEATURE:0cxx_lambdas
    Feature record: CXX_FEATURE:0cxx_lambda_init_captures
    Feature record: CXX_FEATURE:0cxx_local_type_template_args
    Feature record: CXX_FEATURE:0cxx_long_long_type
    Feature record: CXX_FEATURE:0cxx_noexcept
    Feature record: CXX_FEATURE:0cxx_nonstatic_member_init
    Feature record: CXX_FEATURE:0cxx_nullptr
    Feature record: CXX_FEATURE:0cxx_override
    Feature record: CXX_FEATURE:0cxx_range_for
    Feature record: CXX_FEATURE:0cxx_raw_string_literals
    Feature record: CXX_FEATURE:0cxx_reference_qualified_functions
    Feature record: CXX_FEATURE:0cxx_relaxed_constexpr
    Feature record: CXX_FEATURE:0cxx_return_type_deduction
    Feature record: CXX_FEATURE:0cxx_right_angle_brackets
    Feature record: CXX_FEATURE:0cxx_rvalue_references
    Feature record: CXX_FEATURE:0cxx_sizeof_member
    Feature record: CXX_FEATURE:0cxx_static_assert
    Feature record: CXX_FEATURE:0cxx_strong_enums
    Feature record: CXX_FEATURE:1cxx_template_template_parameters
    Feature record: CXX_FEATURE:0cxx_thread_local
    Feature record: CXX_FEATURE:0cxx_trailing_return_types
    Feature record: CXX_FEATURE:0cxx_unicode_literals
    Feature record: CXX_FEATURE:0cxx_uniform_initialization
    Feature record: CXX_FEATURE:0cxx_unrestricted_unions
    Feature record: CXX_FEATURE:0cxx_user_literals
    Feature record: CXX_FEATURE:0cxx_variable_templates
    Feature record: CXX_FEATURE:0cxx_variadic_macros
    Feature record: CXX_FEATURE:0cxx_variadic_templates
